Generated at 2011-08-15 22:13:13 +0000
Chef::Mixin::Template::TemplateError: 

Chef::Mixin::Template::TemplateError (undefined local variable or method `pkey' for #<Erubis::Context:0x87bec30>) on line #1:

  1: <%= pkey %>

  (erubis):1:in `block in evaluate'
  /usr/local/lib/ruby/gems/1.9.1/gems/erubis-2.7.0/lib/erubis/evaluator.rb:74:in `instance_eval'
  /usr/local/lib/ruby/gems/1.9.1/gems/erubis-2.7.0/lib/erubis/evaluator.rb:74:in `evaluate'
  /usr/local/lib/ruby/gems/1.9.1/gems/chef-0.10.4/lib/chef/mixin/template.rb:41:in `render_template'
  /usr/local/lib/ruby/gems/1.9.1/gems/chef-0.10.4/lib/chef/provider/template.rb:99:in `render_with_context'
  /usr/local/lib/ruby/gems/1.9.1/gems/chef-0.10.4/lib/chef/provider/template.rb:39:in `action_create'
  /usr/local/lib/ruby/gems/1.9.1/gems/chef-0.10.4/lib/chef/resource.rb:437:in `run_action'
  /usr/local/lib/ruby/gems/1.9.1/gems/chef-0.10.4/lib/chef/runner.rb:45:in `run_action'
  /usr/local/lib/ruby/gems/1.9.1/gems/chef-0.10.4/lib/chef/runner.rb:81:in `block (2 levels) in converge'
  /usr/local/lib/ruby/gems/1.9.1/gems/chef-0.10.4/lib/chef/runner.rb:81:in `each'
  /usr/local/lib/ruby/gems/1.9.1/gems/chef-0.10.4/lib/chef/runner.rb:81:in `block in converge'
  /usr/local/lib/ruby/gems/1.9.1/gems/chef-0.10.4/lib/chef/resource_collection.rb:94:in `block in execute_each_resource'
  /usr/local/lib/ruby/gems/1.9.1/gems/chef-0.10.4/lib/chef/resource_collection/stepable_iterator.rb:116:in `call'
  /usr/local/lib/ruby/gems/1.9.1/gems/chef-0.10.4/lib/chef/resource_collection/stepable_iterator.rb:116:in `call_iterator_block'
  /usr/local/lib/ruby/gems/1.9.1/gems/chef-0.10.4/lib/chef/resource_collection/stepable_iterator.rb:85:in `step'
  /usr/local/lib/ruby/gems/1.9.1/gems/chef-0.10.4/lib/chef/resource_collection/stepable_iterator.rb:104:in `iterate'
  /usr/local/lib/ruby/gems/1.9.1/gems/chef-0.10.4/lib/chef/resource_collection/stepable_iterator.rb:55:in `each_with_index'
  /usr/local/lib/ruby/gems/1.9.1/gems/chef-0.10.4/lib/chef/resource_collection.rb:92:in `execute_each_resource'
  /usr/local/lib/ruby/gems/1.9.1/gems/chef-0.10.4/lib/chef/runner.rb:76:in `converge'
  /usr/local/lib/ruby/gems/1.9.1/gems/chef-0.10.4/lib/chef/client.rb:312:in `converge'
  /usr/local/lib/ruby/gems/1.9.1/gems/chef-0.10.4/lib/chef/client.rb:160:in `run'
  /usr/local/lib/ruby/gems/1.9.1/gems/chef-0.10.4/lib/chef/application/solo.rb:192:in `block in run_application'
  /usr/local/lib/ruby/gems/1.9.1/gems/chef-0.10.4/lib/chef/application/solo.rb:183:in `loop'
  /usr/local/lib/ruby/gems/1.9.1/gems/chef-0.10.4/lib/chef/application/solo.rb:183:in `run_application'
  /usr/local/lib/ruby/gems/1.9.1/gems/chef-0.10.4/lib/chef/application.rb:67:in `run'
  /usr/local/lib/ruby/gems/1.9.1/gems/chef-0.10.4/bin/chef-solo:25:in `<top (required)>'
  /usr/local/bin/chef-solo:19:in `load'
  /usr/local/bin/chef-solo:19:in `<main>'


/usr/local/lib/ruby/gems/1.9.1/gems/chef-0.10.4/lib/chef/mixin/template.rb:43:in `rescue in render_template'
/usr/local/lib/ruby/gems/1.9.1/gems/chef-0.10.4/lib/chef/mixin/template.rb:39:in `render_template'
/usr/local/lib/ruby/gems/1.9.1/gems/chef-0.10.4/lib/chef/provider/template.rb:99:in `render_with_context'
/usr/local/lib/ruby/gems/1.9.1/gems/chef-0.10.4/lib/chef/provider/template.rb:39:in `action_create'
/usr/local/lib/ruby/gems/1.9.1/gems/chef-0.10.4/lib/chef/resource.rb:437:in `run_action'
/usr/local/lib/ruby/gems/1.9.1/gems/chef-0.10.4/lib/chef/runner.rb:45:in `run_action'
/usr/local/lib/ruby/gems/1.9.1/gems/chef-0.10.4/lib/chef/runner.rb:81:in `block (2 levels) in converge'
/usr/local/lib/ruby/gems/1.9.1/gems/chef-0.10.4/lib/chef/runner.rb:81:in `each'
/usr/local/lib/ruby/gems/1.9.1/gems/chef-0.10.4/lib/chef/runner.rb:81:in `block in converge'
/usr/local/lib/ruby/gems/1.9.1/gems/chef-0.10.4/lib/chef/resource_collection.rb:94:in `block in execute_each_resource'
/usr/local/lib/ruby/gems/1.9.1/gems/chef-0.10.4/lib/chef/resource_collection/stepable_iterator.rb:116:in `call'
/usr/local/lib/ruby/gems/1.9.1/gems/chef-0.10.4/lib/chef/resource_collection/stepable_iterator.rb:116:in `call_iterator_block'
/usr/local/lib/ruby/gems/1.9.1/gems/chef-0.10.4/lib/chef/resource_collection/stepable_iterator.rb:85:in `step'
/usr/local/lib/ruby/gems/1.9.1/gems/chef-0.10.4/lib/chef/resource_collection/stepable_iterator.rb:104:in `iterate'
/usr/local/lib/ruby/gems/1.9.1/gems/chef-0.10.4/lib/chef/resource_collection/stepable_iterator.rb:55:in `each_with_index'
/usr/local/lib/ruby/gems/1.9.1/gems/chef-0.10.4/lib/chef/resource_collection.rb:92:in `execute_each_resource'
/usr/local/lib/ruby/gems/1.9.1/gems/chef-0.10.4/lib/chef/runner.rb:76:in `converge'
/usr/local/lib/ruby/gems/1.9.1/gems/chef-0.10.4/lib/chef/client.rb:312:in `converge'
/usr/local/lib/ruby/gems/1.9.1/gems/chef-0.10.4/lib/chef/client.rb:160:in `run'
/usr/local/lib/ruby/gems/1.9.1/gems/chef-0.10.4/lib/chef/application/solo.rb:192:in `block in run_application'
/usr/local/lib/ruby/gems/1.9.1/gems/chef-0.10.4/lib/chef/application/solo.rb:183:in `loop'
/usr/local/lib/ruby/gems/1.9.1/gems/chef-0.10.4/lib/chef/application/solo.rb:183:in `run_application'
/usr/local/lib/ruby/gems/1.9.1/gems/chef-0.10.4/lib/chef/application.rb:67:in `run'
/usr/local/lib/ruby/gems/1.9.1/gems/chef-0.10.4/bin/chef-solo:25:in `<top (required)>'
/usr/local/bin/chef-solo:19:in `load'
/usr/local/bin/chef-solo:19:in `<main>'